  [1m[35m (0.7ms)[0m  [1m[35mDROP DATABASE IF EXISTS "rails-api-template_development"[0m
  [1m[35m (0.1ms)[0m  [1m[35mDROP DATABASE IF EXISTS "rails-api-template_test"[0m
  [1m[35m (535.1ms)[0m  [1m[35mCREATE DATABASE "rails-api-template_development" ENCODING = 'unicode'[0m
  [1m[35m (398.3ms)[0m  [1m[35mCREATE DATABASE "rails-api-template_test" ENCODING = 'unicode'[0m
  [1m[35m (8.3ms)[0m  [1m[35mCREATE TABLE "schema_migrations" ("version" character varying PRIMARY KEY)[0m
  [1m[35m (23.7ms)[0m  [1m[35mCREATE TABLE "ar_internal_metadata" ("key" character varying PRIMARY KEY, "value" character varying, "created_at" timestamp NOT NULL, "updated_at" timestamp NOT NULL)[0m
  [1m[35m (0.2ms)[0m  [1m[34mSELECT pg_try_advisory_lock(2240333999022301455);[0m
  [1m[36mActiveRecord::SchemaMigration Load (0.4ms)[0m  [1m[34mSELECT "schema_migrations".* FROM "schema_migrations"[0m
Migrating to CreateUsers (1)
  [1m[35m (0.1ms)[0m  [1m[35mBEGIN[0m
DEPRECATION WARNING: Directly inheriting from ActiveRecord::Migration is deprecated. Please specify the Rails release the migration was written for:

  class CreateUsers < ActiveRecord::Migration[4.2] (called from <top (required)> at /Users/EricScace/wdi/projects/All-the-Matrices/bin/rake:9)
  [1m[35m (25.7ms)[0m  [1m[35mCREATE TABLE "users" ("id" serial primary key, "email" character varying NOT NULL, "token" character varying NOT NULL, "password_digest" character varying NOT NULL, "created_at" timestamp NOT NULL, "updated_at" timestamp NOT NULL)[0m
  [1m[35m (0.6ms)[0m  [1m[35mCREATE UNIQUE INDEX  "index_users_on_email" ON "users"  ("email")[0m
  [1m[35m (0.5ms)[0m  [1m[35mCREATE UNIQUE INDEX  "index_users_on_token" ON "users"  ("token")[0m
  [1m[35mSQL (0.7ms)[0m  [1m[32mINSERT INTO "schema_migrations" ("version") VALUES ($1) RETURNING "version"[0m  [["version", "1"]]
  [1m[35m (5.8ms)[0m  [1m[35mCOMMIT[0m
Migrating to CreateExamples (2)
  [1m[35m (5.4ms)[0m  [1m[35mBEGIN[0m
DEPRECATION WARNING: Directly inheriting from ActiveRecord::Migration is deprecated. Please specify the Rails release the migration was written for:

  class CreateExamples < ActiveRecord::Migration[4.2] (called from <top (required)> at /Users/EricScace/wdi/projects/All-the-Matrices/bin/rake:9)
  [1m[35m (51.3ms)[0m  [1m[35mCREATE TABLE "examples" ("id" serial primary key, "text" text NOT NULL, "user_id" integer NOT NULL, "created_at" timestamp NOT NULL, "updated_at" timestamp NOT NULL, CONSTRAINT "fk_rails_ae101d15cc"
FOREIGN KEY ("user_id")
  REFERENCES "users" ("id")
)[0m
  [1m[35m (6.2ms)[0m  [1m[35mCREATE  INDEX  "index_examples_on_user_id" ON "examples"  ("user_id")[0m
  [1m[35mSQL (0.3ms)[0m  [1m[32mINSERT INTO "schema_migrations" ("version") VALUES ($1) RETURNING "version"[0m  [["version", "2"]]
  [1m[35m (0.3ms)[0m  [1m[35mCOMMIT[0m
  [1m[36mActiveRecord::InternalMetadata Load (0.3ms)[0m  [1m[34mSELECT  "ar_internal_metadata".* FROM "ar_internal_metadata" WHERE "ar_internal_metadata"."key" = $1 LIMIT $2[0m  [["key", :environment], ["LIMIT", 1]]
  [1m[35m (0.1ms)[0m  [1m[35mBEGIN[0m
  [1m[35mSQL (11.8ms)[0m  [1m[32mINSERT INTO "ar_internal_metadata" ("key", "value", "created_at", "updated_at") VALUES ($1, $2, $3, $4) RETURNING "key"[0m  [["key", "environment"], ["value", "development"], ["created_at", 2017-06-06 23:18:19 UTC], ["updated_at", 2017-06-06 23:18:19 UTC]]
  [1m[35m (5.5ms)[0m  [1m[35mCOMMIT[0m
  [1m[35m (0.2ms)[0m  [1m[34mSELECT pg_advisory_unlock(2240333999022301455)[0m
  [1m[36mActiveRecord::SchemaMigration Load (5.7ms)[0m  [1m[34mSELECT "schema_migrations".* FROM "schema_migrations"[0m
  [1m[36mActiveRecord::SchemaMigration Load (0.1ms)[0m  [1m[34mSELECT "schema_migrations".* FROM "schema_migrations"[0m
  [1m[35m (0.7ms)[0m  [1m[35mDROP DATABASE IF EXISTS "AllTheMatsgit"."git"[0m
  [1m[35m (0.2ms)[0m  [1m[35mDROP DATABASE IF EXISTS "AllTheMats_development"[0m
  [1m[35m (0.2ms)[0m  [1m[35mDROP DATABASE IF EXISTS "AllTheMats_test"[0m
  [1m[35m (517.2ms)[0m  [1m[35mCREATE DATABASE "AllTheMats_development" ENCODING = 'unicode'[0m
  [1m[35m (392.0ms)[0m  [1m[35mCREATE DATABASE "AllTheMats_test" ENCODING = 'unicode'[0m
  [1m[35m (20.7ms)[0m  [1m[35mCREATE TABLE "schema_migrations" ("version" character varying PRIMARY KEY)[0m
  [1m[35m (23.3ms)[0m  [1m[35mCREATE TABLE "ar_internal_metadata" ("key" character varying PRIMARY KEY, "value" character varying, "created_at" timestamp NOT NULL, "updated_at" timestamp NOT NULL)[0m
  [1m[35m (0.3ms)[0m  [1m[34mSELECT pg_try_advisory_lock(7169932071008632380);[0m
  [1m[36mActiveRecord::SchemaMigration Load (0.3ms)[0m  [1m[34mSELECT "schema_migrations".* FROM "schema_migrations"[0m
Migrating to CreateUsers (1)
  [1m[35m (0.1ms)[0m  [1m[35mBEGIN[0m
DEPRECATION WARNING: Directly inheriting from ActiveRecord::Migration is deprecated. Please specify the Rails release the migration was written for:

  class CreateUsers < ActiveRecord::Migration[4.2] (called from load at /Users/EricScace/.rbenv/versions/2.3.1/bin/rake:23)
  [1m[35m (19.9ms)[0m  [1m[35mCREATE TABLE "users" ("id" serial primary key, "email" character varying NOT NULL, "token" character varying NOT NULL, "password_digest" character varying NOT NULL, "created_at" timestamp NOT NULL, "updated_at" timestamp NOT NULL)[0m
  [1m[35m (1.0ms)[0m  [1m[35mCREATE UNIQUE INDEX  "index_users_on_email" ON "users"  ("email")[0m
  [1m[35m (0.7ms)[0m  [1m[35mCREATE UNIQUE INDEX  "index_users_on_token" ON "users"  ("token")[0m
  [1m[35mSQL (0.5ms)[0m  [1m[32mINSERT INTO "schema_migrations" ("version") VALUES ($1) RETURNING "version"[0m  [["version", "1"]]
  [1m[35m (6.1ms)[0m  [1m[35mCOMMIT[0m
Migrating to CreateExamples (2)
  [1m[35m (11.2ms)[0m  [1m[35mBEGIN[0m
DEPRECATION WARNING: Directly inheriting from ActiveRecord::Migration is deprecated. Please specify the Rails release the migration was written for:

  class CreateExamples < ActiveRecord::Migration[4.2] (called from load at /Users/EricScace/.rbenv/versions/2.3.1/bin/rake:23)
  [1m[35m (15.4ms)[0m  [1m[35mCREATE TABLE "examples" ("id" serial primary key, "text" text NOT NULL, "user_id" integer NOT NULL, "created_at" timestamp NOT NULL, "updated_at" timestamp NOT NULL, CONSTRAINT "fk_rails_ae101d15cc"
FOREIGN KEY ("user_id")
  REFERENCES "users" ("id")
)[0m
  [1m[35m (32.8ms)[0m  [1m[35mCREATE  INDEX  "index_examples_on_user_id" ON "examples"  ("user_id")[0m
  [1m[35mSQL (0.3ms)[0m  [1m[32mINSERT INTO "schema_migrations" ("version") VALUES ($1) RETURNING "version"[0m  [["version", "2"]]
  [1m[35m (0.6ms)[0m  [1m[35mCOMMIT[0m
Migrating to CreateManufacturers (20170610184733)
  [1m[35m (0.2ms)[0m  [1m[35mBEGIN[0m
  [1m[35m (3.0ms)[0m  [1m[35mCREATE TABLE "manufacturers" ("id" serial primary key, "name" text, "symbol" text, "created_at" timestamp NOT NULL, "updated_at" timestamp NOT NULL)[0m
  [1m[35mSQL (0.2ms)[0m  [1m[32mINSERT INTO "schema_migrations" ("version") VALUES ($1) RETURNING "version"[0m  [["version", "20170610184733"]]
  [1m[35m (0.4ms)[0m  [1m[35mCOMMIT[0m
  [1m[36mActiveRecord::InternalMetadata Load (0.4ms)[0m  [1m[34mSELECT  "ar_internal_metadata".* FROM "ar_internal_metadata" WHERE "ar_internal_metadata"."key" = $1 LIMIT $2[0m  [["key", :environment], ["LIMIT", 1]]
  [1m[35m (0.1ms)[0m  [1m[35mBEGIN[0m
  [1m[35mSQL (0.3ms)[0m  [1m[32mINSERT INTO "ar_internal_metadata" ("key", "value", "created_at", "updated_at") VALUES ($1, $2, $3, $4) RETURNING "key"[0m  [["key", "environment"], ["value", "development"], ["created_at", 2017-06-10 18:54:37 UTC], ["updated_at", 2017-06-10 18:54:37 UTC]]
  [1m[35m (0.4ms)[0m  [1m[35mCOMMIT[0m
  [1m[35m (0.3ms)[0m  [1m[34mSELECT pg_advisory_unlock(7169932071008632380)[0m
  [1m[36mActiveRecord::SchemaMigration Load (0.1ms)[0m  [1m[34mSELECT "schema_migrations".* FROM "schema_migrations"[0m
  [1m[36mActiveRecord::SchemaMigration Load (0.2ms)[0m  [1m[34mSELECT "schema_migrations".* FROM "schema_migrations"[0m
